<?xml version="1.0" encoding="UTF-8"?>
<testng-results ignored="0" total="1" passed="1" failed="0" skipped="0">
  <reporter-output>
  </reporter-output>
  <suite started-at="2024-03-19T10:18:47 IST" name="PetSuite" finished-at="2024-03-19T10:19:02 IST" duration-ms="14356">
    <groups>
    </groups>
    <test started-at="2024-03-19T10:18:47 IST" name="PetTests" finished-at="2024-03-19T10:19:02 IST" duration-ms="14356">
      <class name="api.tests.UserTests">
        <test-method is-config="true" signature="setup()[pri:0, instance:api.tests.UserTests@68ad99fe]" started-at="2024-03-19T10:18:49 IST" name="setup" finished-at="2024-03-19T10:18:50 IST" duration-ms="1075" status="PASS">
          <reporter-output>
          </reporter-output>
        </test-method> <!-- setup -->
        <test-method signature="testPostUser()[pri:1, instance:api.tests.UserTests@68ad99fe]" started-at="2024-03-19T10:18:50 IST" name="testPostUser" finished-at="2024-03-19T10:19:02 IST" duration-ms="11904" status="PASS">
          <reporter-output>
          </reporter-output>
        </test-method> <!-- testPostUser -->
      </class> <!-- api.tests.UserTests -->
    </test> <!-- PetTests -->
  </suite> <!-- PetSuite -->
</testng-results>
